<?xml version="1.0" encoding="UTF-8"?>
<!-- Generated by org.testng.reporters.JUnitReportReporter -->
<testsuite hostname="hubatrix" name="storm.starter.tools.SlotBasedCounterTest" tests="16" failures="0" timestamp="30 May 2016 06:50:06 GMT" time="0.004" errors="0">
  <testcase name="shouldReturnNonEmptyCountsWhenAtLeastOneObjectWasCounted" time="0.000" classname="storm.starter.tools.SlotBasedCounterTest"/>
  <testcase name="shouldReturnZeroForNonexistentObject" time="0.000" classname="storm.starter.tools.SlotBasedCounterTest"/>
  <testcase name="negativeOrZeroNumSlotsShouldThrowIAE" time="0.000" classname="storm.starter.tools.SlotBasedCounterTest"/>
  <testcase name="negativeOrZeroNumSlotsShouldThrowIAE" time="0.001" classname="storm.starter.tools.SlotBasedCounterTest"/>
  <testcase name="negativeOrZeroNumSlotsShouldThrowIAE" time="0.000" classname="storm.starter.tools.SlotBasedCounterTest"/>
  <testcase name="wipeZerosShouldRemoveAnyObjectsWithZeroTotalCount" time="0.000" classname="storm.starter.tools.SlotBasedCounterTest"/>
  <testcase name="wipeSlotShouldSetAllCountsInSlotToZero" time="0.000" classname="storm.starter.tools.SlotBasedCounterTest"/>
  <testcase name="negativeOrZeroNumSlotsShouldThrowIAE" time="0.000" classname="storm.starter.tools.SlotBasedCounterTest"/>
  <testcase name="newInstanceShouldHaveEmptyCounts" time="0.002" classname="storm.starter.tools.SlotBasedCounterTest"/>
  <testcase name="shouldIncrementCountOnlyOneSlotAtATime" time="0.000" classname="storm.starter.tools.SlotBasedCounterTest"/>
  <testcase name="positiveNumSlotsShouldBeOk" time="0.000" classname="storm.starter.tools.SlotBasedCounterTest"/>
  <testcase name="negativeOrZeroNumSlotsShouldThrowIAE" time="0.001" classname="storm.starter.tools.SlotBasedCounterTest"/>
  <testcase name="positiveNumSlotsShouldBeOk" time="0.000" classname="storm.starter.tools.SlotBasedCounterTest"/>
  <testcase name="positiveNumSlotsShouldBeOk" time="0.000" classname="storm.starter.tools.SlotBasedCounterTest"/>
  <testcase name="positiveNumSlotsShouldBeOk" time="0.000" classname="storm.starter.tools.SlotBasedCounterTest"/>
  <testcase name="shouldIncrementCount" time="0.000" classname="storm.starter.tools.SlotBasedCounterTest"/>
</testsuite> <!-- storm.starter.tools.SlotBasedCounterTest -->
